
> freeflow-crm@0.1.0 build
> next build

Ôû▓ Next.js 16.1.2 (Turbopack)
- Environments: .env.local

ÔÜá The "middleware" file convention is deprecated. Please use "proxy" instead. Learn more: https://nextjs.org/docs/messages/middleware-to-proxy
  Creating an optimized production build ...

> Build error occurred
Error: Turbopack build failed with 5 errors:
./src/app/dashboard/clients/actions.ts:3:10
Ecmascript file had an error
  1 |
  2 | import { createClient } from "@/lib/server-supabase";
> 3 | import { revalidatePath } from "next/cache";
    |          ^^^^^^^^^^^^^^
  4 | import { redirect } from "next/navigation";
  5 |
  6 | export async function addClient(formData: FormData) {

You're importing a component that needs "revalidatePath". That only works in a Server Component but one of its parents is marked with "use client", so it's a Client Component.
Learn more: https://nextjs.org/docs/app/building-your-application/rendering



Import traces:
  Client Component Browser:
    ./src/app/dashboard/clients/actions.ts [Client Component Browser]
    ./src/components/clients/ClientFormDialog.tsx [Client Component Browser]
    ./src/components/clients/ClientFormDialog.tsx [Server Component]
    ./src/app/dashboard/clients/page.tsx [Server Component]

  Client Component SSR:
    ./src/app/dashboard/clients/actions.ts [Client Component SSR]
    ./src/components/clients/ClientFormDialog.tsx [Client Component SSR]
    ./src/components/clients/ClientFormDialog.tsx [Server Component]
    ./src/app/dashboard/clients/page.tsx [Server Component]


./src/app/dashboard/invoices/actions.ts:3:10
Ecmascript file had an error
  1 |
  2 | import { createClient } from "@/lib/server-supabase";
> 3 | import { revalidatePath } from "next/cache";
    |          ^^^^^^^^^^^^^^
  4 |
  5 | export async function addInvoice(formData: FormData) {
  6 |     const supabase = await createClient();

You're importing a component that needs "revalidatePath". That only works in a Server Component but one of its parents is marked with "use client", so it's a Client Component.
Learn more: https://nextjs.org/docs/app/building-your-application/rendering



Import traces:
  Client Component Browser:
    ./src/app/dashboard/invoices/actions.ts [Client Component Browser]
    ./src/components/invoices/InvoiceActionsMenu.tsx [Client Component Browser]
    ./src/components/invoices/SafeInvoices.tsx [Client Component Browser]
    ./src/components/invoices/SafeInvoices.tsx [Server Component]
    ./src/app/dashboard/invoices/page.tsx [Server Component]

  Client Component SSR:
    ./src/app/dashboard/invoices/actions.ts [Client Component SSR]
    ./src/components/invoices/InvoiceActionsMenu.tsx [Client Component SSR]
    ./src/components/invoices/SafeInvoices.tsx [Client Component SSR]
    ./src/components/invoices/SafeInvoices.tsx [Server Component]
    ./src/app/dashboard/invoices/page.tsx [Server Component]


./src/app/dashboard/projects/actions.ts:3:10
Ecmascript file had an error
  1 |
  2 | import { createClient } from "@/lib/server-supabase";
> 3 | import { revalidatePath } from "next/cache";
    |          ^^^^^^^^^^^^^^
  4 | import { redirect } from "next/navigation";
  5 |
  6 | export async function addProject(formData: FormData) {

You're importing a component that needs "revalidatePath". That only works in a Server Component but one of its parents is marked with "use client", so it's a Client Component.
Learn more: https://nextjs.org/docs/app/building-your-application/rendering



Import traces:
  Client Component Browser:
    ./src/app/dashboard/projects/actions.ts [Client Component Browser]
    ./src/components/projects/ProjectActionsMenu.tsx [Client Component Browser]
    ./src/components/projects/SafeProjects.tsx [Client Component Browser]
    ./src/components/projects/SafeProjects.tsx [Server Component]
    ./src/app/dashboard/projects/page.tsx [Server Component]

  Client Component SSR:
    ./src/app/dashboard/projects/actions.ts [Client Component SSR]
    ./src/components/projects/ProjectActionsMenu.tsx [Client Component SSR]
    ./src/components/projects/SafeProjects.tsx [Client Component SSR]
    ./src/components/projects/SafeProjects.tsx [Server Component]
    ./src/app/dashboard/projects/page.tsx [Server Component]


./src/app/dashboard/proposals/actions.ts:3:10
Ecmascript file had an error
  1 |
  2 | import { createClient } from "@/lib/server-supabase";
> 3 | import { revalidatePath } from "next/cache";
    |          ^^^^^^^^^^^^^^
  4 |
  5 | export async function addProposal(formData: FormData) {
  6 |     const supabase = await createClient();

You're importing a component that needs "revalidatePath". That only works in a Server Component but one of its parents is marked with "use client", so it's a Client Component.
Learn more: https://nextjs.org/docs/app/building-your-application/rendering



Import traces:
  Client Component Browser:
    ./src/app/dashboard/proposals/actions.ts [Client Component Browser]
    ./src/components/proposals/ProposalActionsMenu.tsx [Client Component Browser]
    ./src/components/proposals/SafeProposals.tsx [Client Component Browser]
    ./src/components/proposals/SafeProposals.tsx [Server Component]
    ./src/app/dashboard/proposals/page.tsx [Server Component]

  Client Component SSR:
    ./src/app/dashboard/proposals/actions.ts [Client Component SSR]
    ./src/components/proposals/ProposalActionsMenu.tsx [Client Component SSR]
    ./src/components/proposals/SafeProposals.tsx [Client Component SSR]
    ./src/components/proposals/SafeProposals.tsx [Server Component]
    ./src/app/dashboard/proposals/page.tsx [Server Component]


./src/lib/server-supabase.ts:2:1
Ecmascript file had an error
  1 | import { createServerClient, type CookieOptions } from "@supabase/ssr";
> 2 | import { cookies } from "next/headers";
    | ^^^^^^^^^^^^^^^^^^^^^^^^^^^^^^^^^^^^^^^
  3 |
  4 | export const createClient = async () => {
  5 |     const cookieStore = await cookies();

You're importing a component that needs "next/headers". That only works in a Server Component which is not supported in the pages/ directory. Read more: https://nextjs.org/docs/app/building-your-application/rendering/server-components



Import traces:
  #1 [Server Component]:
    ./src/lib/server-supabase.ts
    ./src/app/dashboard/billing/actions.ts

  #2 [Server Component]:
    ./src/lib/server-supabase.ts
    ./src/app/dashboard/billing/page.tsx

  #3 [Client Component Browser]:
    ./src/lib/server-supabase.ts [Client Component Browser]
    ./src/app/dashboard/clients/actions.ts [Client Component Browser]
    ./src/components/clients/ClientFormDialog.tsx [Client Component Browser]
    ./src/components/clients/ClientFormDialog.tsx [Server Component]
    ./src/app/dashboard/clients/page.tsx [Server Component]

  #4 [Client Component SSR]:
    ./src/lib/server-supabase.ts [Client Component SSR]
    ./src/app/dashboard/clients/actions.ts [Client Component SSR]
    ./src/components/clients/ClientFormDialog.tsx [Client Component SSR]
    ./src/components/clients/ClientFormDialog.tsx [Server Component]
    ./src/app/dashboard/clients/page.tsx [Server Component]


    at <unknown> (./src/app/dashboard/clients/actions.ts:3:10)
    at <unknown> (./src/app/dashboard/invoices/actions.ts:3:10)
    at <unknown> (./src/app/dashboard/projects/actions.ts:3:10)
    at <unknown> (./src/app/dashboard/proposals/actions.ts:3:10)
    at <unknown> (./src/lib/server-supabase.ts:2:1)
